2023-08-05 17:08:710 INFO  BasePage:607 - waiting for page load...
2023-08-05 17:08:883 INFO  BasePage:638 - waiting for 1.0 sec...
2023-08-05 17:08:44 INFO  BasePage:607 - waiting for page load...
2023-08-05 17:08:690 INFO  BasePage:514 - Element not found.
2023-08-05 17:08:214 INFO  BasePage:638 - waiting for 1.0 sec...
2023-08-05 17:08:341 INFO  BasePage:638 - waiting for 1.0 sec...
2023-08-05 17:08:509 INFO  BasePage:638 - waiting for 1.0 sec...
2023-08-05 17:08:653 INFO  BasePage:638 - waiting for 1.0 sec...
2023-08-05 17:08:37 INFO  BasePage:638 - waiting for 1.0 sec...
2023-08-05 17:08:284 INFO  BasePage:638 - waiting for 5.0 sec...
2023-08-05 17:08:424 INFO  HomePage:320 - There are 25 indexed videos.
2023-08-05 17:08:579 INFO  BasePage:638 - waiting for 1.2 sec...
2023-08-05 17:08:932 INFO  BasePage:638 - waiting for 1.2 sec...
2023-08-05 17:08:280 INFO  BasePage:638 - waiting for 1.2 sec...
2023-08-05 17:08:634 INFO  BasePage:638 - waiting for 1.2 sec...
2023-08-05 17:08:969 INFO  BasePage:638 - waiting for 1.2 sec...
2023-08-05 17:08:301 INFO  BasePage:638 - waiting for 1.2 sec...
2023-08-05 17:08:634 INFO  BasePage:638 - waiting for 1.2 sec...
2023-08-05 17:08:973 INFO  BasePage:638 - waiting for 1.2 sec...
2023-08-05 17:08:359 INFO  BasePage:638 - waiting for 1.2 sec...
2023-08-05 17:08:727 INFO  BasePage:638 - waiting for 1.2 sec...
2023-08-05 17:08:96 INFO  BasePage:638 - waiting for 1.2 sec...
2023-08-05 17:08:462 INFO  BasePage:638 - waiting for 1.2 sec...
2023-08-05 17:08:830 INFO  BasePage:638 - waiting for 1.2 sec...
2023-08-05 17:08:202 INFO  BasePage:638 - waiting for 1.2 sec...
2023-08-05 17:08:561 INFO  BasePage:638 - waiting for 1.2 sec...
2023-08-05 17:08:932 INFO  BasePage:638 - waiting for 1.2 sec...
2023-08-05 17:08:300 INFO  BasePage:638 - waiting for 1.2 sec...
2023-08-05 17:08:641 INFO  BasePage:638 - waiting for 1.2 sec...
2023-08-05 17:08:00 INFO  BasePage:638 - waiting for 1.2 sec...
2023-08-05 17:08:367 INFO  BasePage:638 - waiting for 1.2 sec...
2023-08-05 17:08:732 INFO  BasePage:638 - waiting for 1.2 sec...
2023-08-05 17:08:107 INFO  BasePage:638 - waiting for 1.2 sec...
2023-08-05 17:08:482 INFO  BasePage:638 - waiting for 1.2 sec...
2023-08-05 17:08:843 INFO  BasePage:638 - waiting for 1.2 sec...
2023-08-05 17:08:205 INFO  BasePage:638 - waiting for 1.2 sec...
2023-08-05 17:08:581 INFO  BasePage:638 - waiting for 1.0 sec...
2023-08-05 17:08:10 INFO  BasePage:638 - waiting for 2.0 sec...
2023-08-05 17:08:132 INFO  BasePage:638 - waiting for 1.0 sec...
2023-08-05 17:08:504 INFO  BasePage:638 - waiting for 2.0 sec...
2023-08-05 17:08:408 INFO  _Hooks:89 - Driver closing.
